<?xml version="1.0" encoding="UTF-8" ?>
<testsuites name="vitest tests" tests="4" failures="0" errors="0" time="0.023">
    <testsuite name="src/__tests__/webhook.test.ts" timestamp="2026-05-09T18:14:40.270Z" hostname="runnervmeorf1" tests="4" failures="0" errors="0" skipped="0" time="0.023">
        <testcase classname="src/__tests__/webhook.test.ts" name="webhook handler &gt; returns 405 for non-POST requests" time="0.006">
        </testcase>
        <testcase classname="src/__tests__/webhook.test.ts" name="webhook handler &gt; returns 401 when resend.webhooks.verify throws" time="0.004">
        </testcase>
        <testcase classname="src/__tests__/webhook.test.ts" name="webhook handler &gt; returns 200 and skips insert for non-email.received events" time="0.004">
        </testcase>
        <testcase classname="src/__tests__/webhook.test.ts" name="webhook handler &gt; returns 200 and inserts email on valid email.received event" time="0.004">
        </testcase>
    </testsuite>
</testsuites>
