<?xml version="1.0" encoding="UTF-8" ?>
<testsuites name="vitest tests" tests="4" failures="0" errors="0" time="0">
    <testsuite name="src/app/api/send/__tests__/route.test.ts" timestamp="2026-05-09T18:14:41.075Z" hostname="runnervmeorf1" tests="4" failures="0" errors="0" skipped="4" time="0">
        <testcase classname="src/app/api/send/__tests__/route.test.ts" name="POST /api/send &gt; returns 400 when &quot;to&quot; is missing" time="0">
            <skipped/>
        </testcase>
        <testcase classname="src/app/api/send/__tests__/route.test.ts" name="POST /api/send &gt; returns 400 when &quot;subject&quot; is missing" time="0">
            <skipped/>
        </testcase>
        <testcase classname="src/app/api/send/__tests__/route.test.ts" name="POST /api/send &gt; returns 200 with email id on success" time="0">
            <skipped/>
        </testcase>
        <testcase classname="src/app/api/send/__tests__/route.test.ts" name="POST /api/send &gt; sets In-Reply-To and References headers when replyToId is provided" time="0">
            <skipped/>
        </testcase>
    </testsuite>
</testsuites>
